<?xml version="1.0" encoding="UTF-8"?>
<!-- Generated by org.testng.reporters.JUnitReportReporter -->
<testsuite skipped="0" hostname="Suraj-pc" name="com.hubspot.qa.tests.HomePageTest" tests="2" failures="0" timestamp="31 Jul 2020 09:24:39 GMT" time="76.825" errors="0">
  <testcase name="homePageTitleTest" time="35.907" classname="com.hubspot.qa.tests.HomePageTest"/>
  <testcase name="accountNameTest" time="40.918" classname="com.hubspot.qa.tests.HomePageTest"/>
</testsuite> <!-- com.hubspot.qa.tests.HomePageTest -->
