<?xml version="1.0" encoding="UTF-8"?>
<!-- Generated by org.testng.reporters.JUnitReportReporter -->
<testsuite skipped="0" hostname="Suraj-pc" name="com.hubspot.qa.tests.LoginTest" tests="2" failures="0" timestamp="30 Jul 2020 17:32:42 GMT" time="61.722" errors="0">
  <testcase name="verifyLoginPageTitleTest" time="30.231" classname="com.hubspot.qa.tests.LoginTest"/>
  <testcase name="logintest" time="31.491" classname="com.hubspot.qa.tests.LoginTest"/>
</testsuite> <!-- com.hubspot.qa.tests.LoginTest -->
